{
  "stats": {
    "suites": 1,
    "tests": 1,
    "passes": 1,
    "pending": 0,
    "failures": 0,
    "start": "2022-06-11T23:34:01.375Z",
    "end": "2022-06-11T23:34:17.646Z",
    "duration": 16271,
    "testsRegistered": 1,
    "passPercent": 100,
    "pendingPercent": 0,
    "other": 0,
    "hasOther": false,
    "skipped": 0,
    "hasSkipped": false
  },
  "results": [
    {
      "uuid": "99fb516a-dbdd-403e-a2e4-4fd5409ba7c8",
      "title": "",
      "fullFile": "cypress/integration/Teste Itau.feature",
      "file": "cypress/integration/Teste Itau.feature",
      "beforeHooks": [],
      "afterHooks": [],
      "tests": [],
      "suites": [
        {
          "uuid": "a8cd8d5f-63c8-476d-8c55-0ab2422fa614",
          "title": "Teste Itau",
          "fullFile": "",
          "file": "",
          "beforeHooks": [],
          "afterHooks": [],
          "tests": [
            {
              "title": "Acessar site do Banco Itau",
              "fullTitle": "Teste Itau Acessar site do Banco Itau",
              "timedOut": null,
              "duration": 15693,
              "state": "passed",
              "speed": "slow",
              "pass": true,
              "fail": false,
              "pending": false,
              "context": null,
              "code": "const state = window.testState;\nreturn cy\n  .then(() => state.onStartScenario(scenario, indexedSteps))\n  .then(() =>\n    resolveAndRunBeforeHooks.call(this, scenario.tags, state.feature.name)\n  )\n  .then(() =>\n    indexedSteps.forEach((step) =>\n      stepTest.call(this, state, step, rowData)\n    )\n  )\n  .then(() => state.onFinishScenario(scenario));",
              "err": {},
              "uuid": "e47dfb11-629f-4dcf-a8f1-9f95e8774d9f",
              "parentUUID": "a8cd8d5f-63c8-476d-8c55-0ab2422fa614",
              "isHook": false,
              "skipped": false
            }
          ],
          "suites": [],
          "passes": [
            "e47dfb11-629f-4dcf-a8f1-9f95e8774d9f"
          ],
          "failures": [],
          "pending": [],
          "skipped": [],
          "duration": 15693,
          "root": false,
          "rootEmpty": false,
          "_timeout": 2000
        }
      ],
      "passes": [],
      "failures": [],
      "pending": [],
      "skipped": [],
      "duration": 0,
      "root": true,
      "rootEmpty": true,
      "_timeout": 2000
    }
  ],
  "meta": {
    "mocha": {
      "version": "7.0.1"
    },
    "mochawesome": {
      "options": {
        "quiet": false,
        "reportFilename": "mochawesome",
        "saveHtml": false,
        "saveJson": true,
        "consoleReporter": "spec",
        "useInlineDiffs": false,
        "code": true
      },
      "version": "7.1.3"
    },
    "marge": {
      "options": {
        "reportDir": "cypress/report/mochawesome-report",
        "overwrite": false,
        "html": false,
        "json": true,
        "timestamp": "mmddyyyy_HHMMss",
        "reportTitle": "Relatório Cypress",
        "cdn": true,
        "charts": true
      },
      "version": "6.2.0"
    }
  }
}